<?xml version="1.0" encoding="UTF-8"?>
<testng-results skipped="0" failed="0" total="1" passed="1">
  <reporter-output>
  </reporter-output>
  <suite name="Default suite" duration-ms="3108" started-at="2017-02-09T06:12:14Z" finished-at="2017-02-09T06:12:17Z">
    <groups>
    </groups>
    <test name="Default test" duration-ms="3108" started-at="2017-02-09T06:12:14Z" finished-at="2017-02-09T06:12:17Z">
      <class name="com.swjtu.aroundyou.test.service.UserLoginTest">
        <test-method status="PASS" signature="testGetUserLogin()[pri:0, instance:com.swjtu.aroundyou.test.service.UserLoginTest@6e67a769]" name="testGetUserLogin" duration-ms="3092" started-at="2017-02-09T14:12:14Z" finished-at="2017-02-09T14:12:17Z">
          <reporter-output>
          </reporter-output>
        </test-method> <!-- testGetUserLogin -->
      </class> <!-- com.swjtu.aroundyou.test.service.UserLoginTest -->
    </test> <!-- Default test -->
  </suite> <!-- Default suite -->
</testng-results>
