<?xml version="1.0" encoding="UTF-8"?>
<testng-results skipped="0" failed="0" total="1" passed="1">
  <reporter-output>
  </reporter-output>
  <suite name="Default suite" duration-ms="2943" started-at="2017-04-29T06:06:09Z" finished-at="2017-04-29T06:06:12Z">
    <groups>
    </groups>
    <test name="Default test" duration-ms="2943" started-at="2017-04-29T06:06:09Z" finished-at="2017-04-29T06:06:12Z">
      <class name="com.swjtu.aroundyou.test.utils.TestMail">
        <test-method status="PASS" signature="testMail()[pri:0, instance:com.swjtu.aroundyou.test.utils.TestMail@4c522bc4]" name="testMail" duration-ms="2656" started-at="2017-04-29T14:06:09Z" finished-at="2017-04-29T14:06:12Z">
          <reporter-output>
          </reporter-output>
        </test-method> <!-- testMail -->
      </class> <!-- com.swjtu.aroundyou.test.utils.TestMail -->
    </test> <!-- Default test -->
  </suite> <!-- Default suite -->
</testng-results>
